<?xml version="1.0" encoding="UTF-8"?>
<testng-results skipped="0" failed="0" ignored="0" total="0" passed="0">
  <reporter-output>
  </reporter-output>
  <suite name="Suite" duration-ms="81781" started-at="2017-09-25T05:48:30Z" finished-at="2017-09-25T05:49:52Z">
    <groups>
    </groups>
    <test name="CDP Chrome" duration-ms="81781" started-at="2017-09-25T05:48:30Z" finished-at="2017-09-25T05:49:52Z">
      <class name="main.java.com.cdp.Scripts.DriverScript">
        <test-method status="PASS" signature="first(java.lang.String)[pri:0, instance:main.java.com.cdp.Scripts.DriverScript@2acf57e3]" name="first" is-config="true" duration-ms="81776" started-at="2017-09-25T11:18:30Z" finished-at="2017-09-25T11:19:52Z">
          <params>
            <param index="0">
              <value>
                <![CDATA[Chrome]]>
              </value>
            </param>
          </params>
          <reporter-output>
          </reporter-output>
        </test-method> <!-- first -->
      </class> <!-- main.java.com.cdp.Scripts.DriverScript -->
    </test> <!-- CDP Chrome -->
  </suite> <!-- Suite -->
</testng-results>
